<?xml version="1.0" encoding="UTF-8"?>
<!-- Generated by org.testng.reporters.JUnitXMLReporter -->
<testsuite ignored="3" hostname="LAPTOP-9QL5EV9U" failures="1" tests="3" name="Test" time="100.08" errors="0" timestamp="08 Dec 2018 20:37:42 GMT">
  <testcase classname="pages.pagFry.RoundTrip" name="browser" time="53.578"/>
  <testcase classname="pages.pagFry.RoundTrip" name="roundTr" time="24.813"/>
  <testcase classname="pages.pagFry.RoundTrip" name="roundFlightView" time="19.783">
    <failure type="java.lang.StringIndexOutOfBoundsException" message="String index out of range: -1">
      <![CDATA[java.lang.StringIndexOutOfBoundsException: String index out of range: -1
	at java.base/java.lang.String.substring(String.java:1840)
	at pages.pagFry.RoundTrip.roundFlightView(RoundTrip.java:45)
... Removed 25 stack frames]]>
    </failure>
  </testcase> <!-- roundFlightView -->
  <testcase classname="pages.pagFry.OneWay" name="Loginhome" time="0.0">
    <ignored/>
  </testcase> <!-- Loginhome -->
  <testcase classname="pages.pagFry.OneWay" name="FlightList" time="0.0">
    <ignored/>
  </testcase> <!-- FlightList -->
  <testcase classname="pages.pagFry.OneWay" name="browser" time="0.0">
    <ignored/>
  </testcase> <!-- browser -->
</testsuite> <!-- Test -->
