<?xml version="1.0" encoding="UTF-8"?>
<testng-results ignored="3" total="6" passed="2" failed="1" skipped="0">
  <reporter-output>
  </reporter-output>
  <suite started-at="2018-12-08T20:36:01Z" name="Suite" finished-at="2018-12-08T20:37:41Z" duration-ms="100080">
    <groups>
      <group name="two_way">
        <method signature="RoundTrip.browser()[pri:0, instance:pages.pagFry.RoundTrip@32910148]" name="browser" class="pages.pagFry.RoundTrip"/>
        <method signature="RoundTrip.roundFlightView()[pri:2, instance:pages.pagFry.RoundTrip@32910148]" name="roundFlightView" class="pages.pagFry.RoundTrip"/>
        <method signature="RoundTrip.roundTr()[pri:1, instance:pages.pagFry.RoundTrip@32910148]" name="roundTr" class="pages.pagFry.RoundTrip"/>
      </group> <!-- two_way -->
    </groups>
    <test started-at="2018-12-08T20:36:01Z" name="Test" finished-at="2018-12-08T20:37:41Z" duration-ms="100080">
      <class name="pages.pagFry.RoundTrip">
        <test-method signature="browser()[pri:0, instance:pages.pagFry.RoundTrip@32910148]" started-at="2018-12-09T02:06:01Z" name="browser" finished-at="2018-12-09T02:06:55Z" duration-ms="53578" status="PASS">
          <reporter-output>
          </reporter-output>
        </test-method> <!-- browser -->
        <test-method signature="roundTr()[pri:1, instance:pages.pagFry.RoundTrip@32910148]" started-at="2018-12-09T02:06:55Z" name="roundTr" finished-at="2018-12-09T02:07:20Z" duration-ms="24813" status="PASS">
          <reporter-output>
          </reporter-output>
        </test-method> <!-- roundTr -->
        <test-method signature="roundFlightView()[pri:2, instance:pages.pagFry.RoundTrip@32910148]" started-at="2018-12-09T02:07:20Z" name="roundFlightView" finished-at="2018-12-09T02:07:39Z" duration-ms="19783" status="FAIL">
          <exception class="java.lang.StringIndexOutOfBoundsException">
            <message>
              <![CDATA[String index out of range: -1]]>
            </message>
            <full-stacktrace>
              <![CDATA[java.lang.StringIndexOutOfBoundsException: String index out of range: -1
	at java.base/java.lang.String.substring(String.java:1840)
	at pages.pagFry.RoundTrip.roundFlightView(RoundTrip.java:45)
	at java.base/jdk.internal.reflect.NativeMethodAccessorImpl.invoke0(Native Method)
	at java.base/jdk.internal.reflect.NativeMethodAccessorImpl.invoke(NativeMethodAccessorImpl.java:62)
	at java.base/jdk.internal.reflect.DelegatingMethodAccessorImpl.invoke(DelegatingMethodAccessorImpl.java:43)
	at java.base/java.lang.reflect.Method.invoke(Method.java:564)
	at org.testng.internal.MethodInvocationHelper.invokeMethod(MethodInvocationHelper.java:104)
	at org.testng.internal.Invoker.invokeMethod(Invoker.java:645)
	at org.testng.internal.Invoker.invokeTestMethod(Invoker.java:851)
	at org.testng.internal.Invoker.invokeTestMethods(Invoker.java:1177)
	at org.testng.internal.TestMethodWorker.invokeTestMethods(TestMethodWorker.java:129)
	at org.testng.internal.TestMethodWorker.run(TestMethodWorker.java:112)
	at org.testng.TestRunner.privateRun(TestRunner.java:756)
	at org.testng.TestRunner.run(TestRunner.java:610)
	at org.testng.SuiteRunner.runTest(SuiteRunner.java:387)
	at org.testng.SuiteRunner.runSequentially(SuiteRunner.java:382)
	at org.testng.SuiteRunner.privateRun(SuiteRunner.java:340)
	at org.testng.SuiteRunner.run(SuiteRunner.java:289)
	at org.testng.SuiteRunnerWorker.runSuite(SuiteRunnerWorker.java:52)
	at org.testng.SuiteRunnerWorker.run(SuiteRunnerWorker.java:86)
	at org.testng.TestNG.runSuitesSequentially(TestNG.java:1293)
	at org.testng.TestNG.runSuitesLocally(TestNG.java:1218)
	at org.testng.TestNG.runSuites(TestNG.java:1133)
	at org.testng.TestNG.run(TestNG.java:1104)
	at org.testng.remote.AbstractRemoteTestNG.run(AbstractRemoteTestNG.java:114)
	at org.testng.remote.RemoteTestNG.initAndRun(RemoteTestNG.java:251)
	at org.testng.remote.RemoteTestNG.main(RemoteTestNG.java:77)
]]>
            </full-stacktrace>
          </exception> <!-- java.lang.StringIndexOutOfBoundsException -->
          <reporter-output>
          </reporter-output>
        </test-method> <!-- roundFlightView -->
      </class> <!-- pages.pagFry.RoundTrip -->
    </test> <!-- Test -->
  </suite> <!-- Suite -->
</testng-results>
