<?xml version="1.0" encoding="UTF-8"?>
<testng-results ignored="0" total="1" passed="1" failed="0" skipped="0">
  <reporter-output>
  </reporter-output>
  <suite started-at="2018-10-27T06:19:47Z" name="Suite" finished-at="2018-10-27T06:20:42Z" duration-ms="54712">
    <groups>
    </groups>
    <test started-at="2018-10-27T06:19:47Z" name="Test" finished-at="2018-10-27T06:20:42Z" duration-ms="54712">
      <class name="FWproj.Framework.Homepage">
        <test-method signature="hommePag()[pri:0, instance:FWproj.Framework.Homepage@64dafeed]" started-at="2018-10-27T06:19:47Z" name="hommePag" finished-at="2018-10-27T06:20:42Z" duration-ms="54663" status="PASS">
          <reporter-output>
          </reporter-output>
        </test-method> <!-- hommePag -->
      </class> <!-- FWproj.Framework.Homepage -->
    </test> <!-- Test -->
  </suite> <!-- Suite -->
</testng-results>
